[debug] [2020-03-03T17:49:55.152Z] ----------------------------------------------------------------------
[debug] [2020-03-03T17:49:55.154Z] Command:       /usr/local/bin/node /usr/local/bin/firebase init
[debug] [2020-03-03T17:49:55.154Z] CLI Version:   7.14.0
[debug] [2020-03-03T17:49:55.154Z] Platform:      darwin
[debug] [2020-03-03T17:49:55.154Z] Node Version:  v12.14.1
[debug] [2020-03-03T17:49:55.155Z] Time:          Tue Mar 03 2020 11:49:55 GMT-0600 (Central Standard Time)
[debug] [2020-03-03T17:49:55.155Z] ----------------------------------------------------------------------
[debug] [2020-03-03T17:49:55.155Z] 
[debug] [2020-03-03T17:49:55.163Z] > command requires scopes: ["email","openid","https://www.googleapis.com/auth/cloudplatformprojects.readonly","https://www.googleapis.com/auth/firebase","https://www.googleapis.com/auth/cloud-platform"]
[debug] [2020-03-03T17:49:55.163Z] > authorizing via signed-in user
[info] 
     ######## #### ########  ######## ########     ###     ######  ########
     ##        ##  ##     ## ##       ##     ##  ##   ##  ##       ##
     ######    ##  ########  ######   ########  #########  ######  ######
     ##        ##  ##    ##  ##       ##     ## ##     ##       ## ##
     ##       #### ##     ## ######## ########  ##     ##  ######  ########

You're about to initialize a Firebase project in this directory:

  /Users/jennajubeir/Documents/GitHub/quick-travis

Before we get started, keep in mind:

  * You are initializing in an existing Firebase project directory

[info] 
=== Project Setup
[info] 
[info] First, let's associate this project directory with a Firebase project.
[info] You can create multiple project aliases by running firebase use --add, 
[info] but for now we'll just set up a default project.
[info] 
[info] i  .firebaserc already has a default project, using rinserepeat-1292e.
[debug] [2020-03-03T17:49:57.754Z] >>> HTTP REQUEST GET https://firebase.googleapis.com/v1beta1/projects/rinserepeat-1292e  
 
[debug] [2020-03-03T17:49:57.928Z] <<< HTTP RESPONSE 403
[debug] [2020-03-03T17:49:57.929Z] <<< HTTP RESPONSE BODY
[debug] [2020-03-03T17:49:57.930Z] HTTP Error: 403, The caller does not have permission
[debug] [2020-03-03T17:49:57.932Z] FirebaseError: HTTP Error: 403, The caller does not have permission
    at module.exports (/usr/local/lib/node_modules/firebase-tools/lib/responseToError.js:38:12)
    at Request._callback (/usr/local/lib/node_modules/firebase-tools/lib/api.js:39:35)
    at Request.self.callback (/usr/local/lib/node_modules/firebase-tools/node_modules/request/request.js:185:22)
    at Request.emit (events.js:223:5)
    at Request.EventEmitter.emit (domain.js:475:20)
    at Request.<anonymous> (/usr/local/lib/node_modules/firebase-tools/node_modules/request/request.js:1154:10)
    at Request.emit (events.js:223:5)
    at Request.EventEmitter.emit (domain.js:475:20)
    at IncomingMessage.<anonymous> (/usr/local/lib/node_modules/firebase-tools/node_modules/request/request.js:1076:12)
    at Object.onceWrapper (events.js:312:28)
    at IncomingMessage.emit (events.js:228:7)
    at IncomingMessage.EventEmitter.emit (domain.js:475:20)
    at endReadableNT (_stream_readable.js:1185:12)
    at processTicksAndRejections (internal/process/task_queues.js:81:21)
[error] 
[error] Error: Failed to get Firebase project rinserepeat-1292e. Please make sure the project exists and your account has permission to access it.
